<?xml version="1.0" encoding="UTF-8"?>
<!-- Generated by org.testng.reporters.JUnitReportReporter -->
<testsuite hostname="RB" failures="0" tests="1" name="pkgg1.locator" time="27.488" errors="0" timestamp="2023-07-21T22:28:50 IST" skipped="0">
  <testcase classname="pkgg1.locator" name="testing" time="27.488"/>
</testsuite> <!-- pkgg1.locator -->
