<?xml version="1.0" encoding="UTF-8"?>
<!-- Generated by org.testng.reporters.JUnitReportReporter -->
<testsuite hostname="RB" failures="0" tests="2" name="Test.Sakhioperations" time="93.768" errors="0" timestamp="2023-07-26T23:10:25 IST" skipped="0">
  <testcase classname="Test.Sakhioperations" name="verifycreate" time="10.838"/>
  <testcase classname="Test.Sakhioperations" name="testing" time="82.930"/>
</testsuite> <!-- Test.Sakhioperations -->
