<?xml version="1.0" encoding="UTF-8"?>
<!-- Generated by org.testng.reporters.JUnitReportReporter -->
<testsuite hostname="RB" failures="0" tests="1" name="pkgg1.DataDriven" time="20.766" errors="0" timestamp="2023-07-21T22:16:12 IST" skipped="0">
  <testcase classname="pkgg1.DataDriven" name="testing" time="20.766"/>
</testsuite> <!-- pkgg1.DataDriven -->
