<?xml version="1.0" encoding="UTF-8"?>
<!-- Generated by org.testng.reporters.JUnitReportReporter -->
<testsuite hostname="RB" failures="0" tests="4" name="pkgg1.Prio" time="0.034" errors="0" timestamp="2023-07-20T19:59:11 IST" skipped="0">
  <testcase classname="pkgg1.Prio" name="abc" time="0.007"/>
  <testcase classname="pkgg1.Prio" name="abc" time="0.016"/>
  <testcase classname="pkgg1.Prio" name="abc" time="0.005"/>
  <testcase classname="pkgg1.Prio" name="def" time="0.006"/>
</testsuite> <!-- pkgg1.Prio -->
