<?xml version="1.0" encoding="UTF-8"?>
<!-- Generated by org.testng.reporters.JUnitReportReporter -->
<testsuite hostname="RB" failures="0" tests="1" name="Test.Createtest" time="17.075" errors="0" timestamp="2023-07-26T21:39:19 IST" skipped="0">
  <testcase classname="Test.Createtest" name="verifycreate" time="17.075"/>
</testsuite> <!-- Test.Createtest -->
