<?xml version="1.0" encoding="UTF-8"?>
<!-- Generated by org.testng.reporters.JUnitReportReporter -->
<testsuite hostname="RB" failures="0" tests="3" name="pkgg1.Grps" time="0.029" errors="0" timestamp="2023-07-20T20:27:08 IST" skipped="0">
  <testcase classname="pkgg1.Grps" name="abc" time="0.018"/>
  <testcase classname="pkgg1.Grps" name="rew" time="0.005"/>
  <testcase classname="pkgg1.Grps" name="def" time="0.006"/>
</testsuite> <!-- pkgg1.Grps -->
